----------------------------------------------------------------
Sun Jan 21 14:39:56 CET 2018:
Booting Derby version The Apache Software Foundation - Apache Derby - 10.14.1.0 - (1808820): instance a816c00e-0161-18f2-6dfd-0000094ddfa0 
on database directory D:\Java\vizsgaKviz\JatekosDB with class loader sun.misc.Launcher$AppClassLoader@55f96302 
Loaded from file:/D:/Java/vizsgaKviz/Kv%c3%adz.jar
java.vendor=Oracle Corporation
java.runtime.version=1.8.0_151-b12
user.dir=D:\Java\vizsgaKviz
os.name=Windows 10
os.arch=amd64
os.version=10.0
derby.system.home=null
Database Class Loader started - derby.database.classpath=''
----------------------------------------------------------------
Sun Jan 21 14:40:03 CET 2018:
Booting Derby version The Apache Software Foundation - Apache Derby - 10.14.1.0 - (1808820): instance 176240b2-0161-18f2-6dfd-0000094ddfa0 
on database directory D:\Java\vizsgaKviz\KerdesDB with class loader sun.misc.Launcher$AppClassLoader@55f96302 
Loaded from file:/D:/Java/vizsgaKviz/Kv%c3%adz.jar
java.vendor=Oracle Corporation
java.runtime.version=1.8.0_151-b12
user.dir=D:\Java\vizsgaKviz
os.name=Windows 10
os.arch=amd64
os.version=10.0
derby.system.home=null
Database Class Loader started - derby.database.classpath=''
----------------------------------------------------------------
Sun Jan 21 14:40:11 CET 2018:
Booting Derby version The Apache Software Foundation - Apache Derby - 10.14.1.0 - (1808820): instance 90478154-0161-18f2-6dfd-0000094ddfa0 
on database directory D:\Java\vizsgaKviz\AngolKerdesDB with class loader sun.misc.Launcher$AppClassLoader@55f96302 
Loaded from file:/D:/Java/vizsgaKviz/Kv%c3%adz.jar
java.vendor=Oracle Corporation
java.runtime.version=1.8.0_151-b12
user.dir=D:\Java\vizsgaKviz
os.name=Windows 10
os.arch=amd64
os.version=10.0
derby.system.home=null
Database Class Loader started - derby.database.classpath=''
