----------------------------------------------------------------
Sun Jan 21 14:36:23 CET 2018:
Booting Derby version The Apache Software Foundation - Apache Derby - 10.14.1.0 - (1808820): instance a816c00e-0161-18ef-2e55-0000095f57c8 
on database directory D:\Java\vizsgaKviz\vizsgaKviz\JatekosDB with class loader sun.misc.Launcher$AppClassLoader@73d16e93 
Loaded from file:/C:/Users/Szintai/.m2/repository/org/apache/derby/derby/10.14.1.0/derby-10.14.1.0.jar
java.vendor=Oracle Corporation
java.runtime.version=1.8.0_151-b12
user.dir=D:\Java\vizsgaKviz\vizsgaKviz
os.name=Windows 10
os.arch=amd64
os.version=10.0
derby.system.home=null
Database Class Loader started - derby.database.classpath=''
----------------------------------------------------------------
Sun Jan 21 14:36:24 CET 2018:
Booting Derby version The Apache Software Foundation - Apache Derby - 10.14.1.0 - (1808820): instance 582f8014-0161-18ef-2e55-0000095f57c8 
on database directory D:\Java\vizsgaKviz\vizsgaKviz\KerdesDB with class loader sun.misc.Launcher$AppClassLoader@73d16e93 
Loaded from file:/C:/Users/Szintai/.m2/repository/org/apache/derby/derby/10.14.1.0/derby-10.14.1.0.jar
java.vendor=Oracle Corporation
java.runtime.version=1.8.0_151-b12
user.dir=D:\Java\vizsgaKviz\vizsgaKviz
os.name=Windows 10
os.arch=amd64
os.version=10.0
derby.system.home=null
Database Class Loader started - derby.database.classpath=''
----------------------------------------------------------------
Sun Jan 21 14:36:24 CET 2018:
Booting Derby version The Apache Software Foundation - Apache Derby - 10.14.1.0 - (1808820): instance b8450018-0161-18ef-2e55-0000095f57c8 
on database directory D:\Java\vizsgaKviz\vizsgaKviz\AngolKerdesDB with class loader sun.misc.Launcher$AppClassLoader@73d16e93 
Loaded from file:/C:/Users/Szintai/.m2/repository/org/apache/derby/derby/10.14.1.0/derby-10.14.1.0.jar
java.vendor=Oracle Corporation
java.runtime.version=1.8.0_151-b12
user.dir=D:\Java\vizsgaKviz\vizsgaKviz
os.name=Windows 10
os.arch=amd64
os.version=10.0
derby.system.home=null
Database Class Loader started - derby.database.classpath=''
